TN:
SF:scp-api\controllers\auth.js
FN:8,register
FN:21,login
FN:35,(anonymous_2)
FN:68,verifyOtp
FN:84,(anonymous_4)
FNF:5
FNH:2
FNDA:1,register
FNDA:2,login
FNDA:0,(anonymous_2)
FNDA:0,verifyOtp
FNDA:0,(anonymous_4)
DA:1,1
DA:2,1
DA:3,1
DA:4,1
DA:6,1
DA:9,1
DA:10,1
DA:11,1
DA:12,1
DA:13,0
DA:14,0
DA:15,0
DA:17,1
DA:22,2
DA:23,2
DA:24,2
DA:25,2
DA:26,0
DA:28,2
DA:29,2
DA:30,1
DA:32,1
DA:34,0
DA:35,0
DA:36,0
DA:37,0
DA:40,0
DA:41,0
DA:45,0
DA:55,0
DA:61,0
DA:64,1
DA:69,0
DA:70,0
DA:71,0
DA:72,0
DA:73,0
DA:74,0
DA:76,0
DA:77,0
DA:78,0
DA:80,0
DA:81,0
DA:83,0
DA:84,0
DA:85,0
DA:86,0
DA:88,0
DA:89,0
DA:92,0
DA:96,1
LF:51
LH:20
BRDA:25,0,0,0
BRDA:25,0,1,2
BRDA:29,1,0,1
BRDA:29,1,1,1
BRDA:32,2,0,0
BRDA:32,2,1,0
BRDA:36,3,0,0
BRDA:36,3,1,0
BRDA:73,4,0,0
BRDA:73,4,1,0
BRDA:76,5,0,0
BRDA:76,5,1,0
BRDA:80,6,0,0
BRDA:80,6,1,0
BRDA:85,7,0,0
BRDA:85,7,1,0
BRF:16
BRH:3
end_of_record
TN:
SF:scp-api\controllers\user.js
FN:5,index
FN:15,showId
FN:25,create
FN:35,update
FN:58,destroy
FNF:5
FNH:5
FNDA:1,index
FNDA:1,showId
FNDA:1,create
FNDA:1,update
FNDA:1,destroy
DA:1,1
DA:3,1
DA:6,1
DA:7,1
DA:8,1
DA:10,0
DA:11,0
DA:16,1
DA:17,1
DA:18,1
DA:19,1
DA:21,0
DA:26,1
DA:27,1
DA:28,1
DA:29,1
DA:31,0
DA:36,1
DA:37,1
DA:38,1
DA:39,1
DA:40,1
DA:41,1
DA:42,1
DA:43,1
DA:44,1
DA:45,1
DA:46,1
DA:47,1
DA:48,1
DA:49,1
DA:50,1
DA:51,1
DA:52,1
DA:54,0
DA:59,1
DA:60,1
DA:61,1
DA:62,1
DA:63,1
DA:65,0
DA:69,1
LF:42
LH:36
BRF:0
BRH:0
end_of_record
TN:
SF:scp-api\middleware\authenticator.js
FN:3,authenticator
FN:8,(anonymous_1)
FNF:2
FNH:1
FNDA:3,authenticator
FNDA:0,(anonymous_1)
DA:1,1
DA:4,3
DA:6,3
DA:8,2
DA:9,0
DA:11,0
DA:14,0
DA:18,1
DA:22,1
LF:9
LH:6
BRDA:6,0,0,2
BRDA:6,0,1,1
BRDA:9,1,0,0
BRDA:9,1,1,0
BRF:4
BRH:2
end_of_record
